

times in msec
 clock   self+sourced   self:  sourced script
 clock   elapsed:              other lines

000.005  000.005: --- NVIM STARTING ---
000.630  000.624: locale set
001.099  000.470: inits 1
001.120  000.021: window checked
006.258  005.138: parsing arguments
006.755  000.496: expanding arguments
006.889  000.135: inits 2
007.486  000.596: init highlight
007.491  000.005: waiting for UI
012.960  005.469: done waiting for UI
013.069  000.109: init screen for UI
013.115  000.046: init default mappings
013.313  000.198: init default autocommands
021.002  006.635  006.635: sourcing /usr/local/Cellar/neovim/0.6.1/share/nvim/runtime/filetype.vim
021.155  000.039  000.039: sourcing /usr/local/Cellar/neovim/0.6.1/share/nvim/runtime/ftplugin.vim
021.266  000.031  000.031: sourcing /usr/local/Cellar/neovim/0.6.1/share/nvim/runtime/indent.vim
021.487  000.144  000.144: sourcing /usr/local/Cellar/neovim/0.6.1/share/nvim/runtime/syntax/nosyntax.vim
021.610  007.449  000.600: sourcing /Users/ktrysmt/dotfiles/vim/general.vim
021.855  000.166  000.166: sourcing /Users/ktrysmt/dotfiles/vim/autocmd.vim
022.036  000.116  000.116: sourcing /Users/ktrysmt/dotfiles/vim/mappings.vim
022.237  000.136  000.136: sourcing /Users/ktrysmt/dotfiles/vim/tabcontrol.vim
022.725  000.331  000.331: sourcing /Users/ktrysmt/.config/nvim/autoload/jetpack.vim
022.990  000.185  000.185: sourcing /usr/local/Cellar/neovim/0.6.1/share/nvim/runtime/syntax/nosyntax.vim
024.195  001.102  001.102: sourcing /usr/local/Cellar/neovim/0.6.1/share/nvim/runtime/ftoff.vim
038.909  000.161  000.161: sourcing /usr/local/Cellar/neovim/0.6.1/share/nvim/runtime/syntax/synload.vim
045.461  006.311  006.311: sourcing /usr/local/Cellar/neovim/0.6.1/share/nvim/runtime/filetype.vim
046.287  000.474  000.474: sourcing /usr/local/Cellar/neovim/0.6.1/share/nvim/runtime/scripts.vim
046.348  008.571  001.625: sourcing /usr/local/Cellar/neovim/0.6.1/share/nvim/runtime/syntax/syntax.vim
046.483  000.016  000.016: sourcing /usr/local/Cellar/neovim/0.6.1/share/nvim/runtime/filetype.vim
046.604  000.014  000.014: sourcing /usr/local/Cellar/neovim/0.6.1/share/nvim/runtime/ftplugin.vim
046.720  000.013  000.013: sourcing /usr/local/Cellar/neovim/0.6.1/share/nvim/runtime/indent.vim
049.222  001.188  001.188: sourcing /Users/ktrysmt/.local/share/nvim/site/pack/jetpack/opt/_/colors/moonshine_lowcontrast.vim
049.499  001.680  000.493: sourcing /Users/ktrysmt/dotfiles/vim/plugins/stable/sync/appearance.vim
050.397  000.383  000.383: sourcing /Users/ktrysmt/.local/share/nvim/site/pack/jetpack/opt/_/autoload/asyncomplete.vim
051.178  000.123  000.123: sourcing /Users/ktrysmt/.local/share/nvim/site/pack/jetpack/opt/_/autoload/asyncomplete/sources/buffer.vim
051.295  001.657  001.151: sourcing /Users/ktrysmt/dotfiles/vim/plugins/stable/sync/asynccomplete.vim
051.508  000.049  000.049: sourcing /Users/ktrysmt/dotfiles/vim/plugins/stable/sync/commander.vim
051.711  000.108  000.108: sourcing /Users/ktrysmt/dotfiles/vim/plugins/stable/sync/filer.vim
051.908  000.091  000.091: sourcing /Users/ktrysmt/dotfiles/vim/plugins/stable/sync/fzf.vim
052.161  000.170  000.170: sourcing /Users/ktrysmt/dotfiles/vim/plugins/stable/sync/lsp.vim
052.303  000.055  000.055: sourcing /Users/ktrysmt/dotfiles/vim/plugins/stable/sync/move.vim
052.456  000.054  000.054: sourcing /Users/ktrysmt/dotfiles/vim/plugins/stable/sync/operator.vim
052.594  000.057  000.057: sourcing /Users/ktrysmt/dotfiles/vim/plugins/stable/sync/snip.vim
052.718  000.026  000.026: sourcing /Users/ktrysmt/dotfiles/vim/plugins/stable/sync/tmuxcomplete.vim
052.876  000.079  000.079: sourcing /Users/ktrysmt/dotfiles/vim/plugins/stable/sync/window.vim
052.883  030.574  016.316: sourcing /Users/ktrysmt/dotfiles/vim/plugins/stable.vim
052.976  039.459  001.018: sourcing /Users/ktrysmt/.config/nvim/init.vim
052.983  000.211: sourcing vimrc file(s)
055.939  000.336  000.336: sourcing /Users/ktrysmt/.local/share/nvim/site/pack/jetpack/opt/_/plugin/anzu.vim
056.155  000.030  000.030: sourcing /Users/ktrysmt/.local/share/nvim/site/pack/jetpack/opt/_/plugin/async.vim
056.487  000.111  000.111: sourcing /Users/ktrysmt/.local/share/nvim/site/pack/jetpack/opt/_/plugin/asyncomplete-lsp.vim
056.750  000.093  000.093: sourcing /Users/ktrysmt/.local/share/nvim/site/pack/jetpack/opt/_/plugin/asyncomplete.vim
058.330  001.427  001.427: sourcing /Users/ktrysmt/.local/share/nvim/site/pack/jetpack/opt/_/plugin/dispatch.vim
058.651  000.142  000.142: sourcing /Users/ktrysmt/.local/share/nvim/site/pack/jetpack/opt/_/plugin/easy_align.vim
059.261  000.215  000.215: sourcing /Users/ktrysmt/.local/share/nvim/site/pack/jetpack/opt/_/autoload/expand_region.vim
059.342  000.517  000.302: sourcing /Users/ktrysmt/.local/share/nvim/site/pack/jetpack/opt/_/plugin/expand_region.vim
059.602  000.086  000.086: sourcing /Users/ktrysmt/.local/share/nvim/site/pack/jetpack/opt/_/plugin/fern.vim
059.856  000.085  000.085: sourcing /Users/ktrysmt/.local/share/nvim/site/pack/jetpack/opt/_/plugin/fix_cursorhold_nvim.vim
060.712  000.687  000.687: sourcing /Users/ktrysmt/.local/share/nvim/site/pack/jetpack/opt/_/plugin/fzf.vim
061.369  000.174  000.174: sourcing /Users/ktrysmt/.local/share/nvim/site/pack/jetpack/opt/_/autoload/gitgutter/utility.vim
061.923  000.146  000.146: sourcing /Users/ktrysmt/.local/share/nvim/site/pack/jetpack/opt/_/autoload/gitgutter/highlight.vim
062.763  001.873  001.552: sourcing /Users/ktrysmt/.local/share/nvim/site/pack/jetpack/opt/_/plugin/gitgutter.vim
063.049  000.105  000.105: sourcing /Users/ktrysmt/.local/share/nvim/site/pack/jetpack/opt/_/plugin/illuminate.vim
063.329  000.109  000.109: sourcing /Users/ktrysmt/.local/share/nvim/site/pack/jetpack/opt/_/plugin/lexima.vim
063.589  000.090  000.090: sourcing /Users/ktrysmt/.local/share/nvim/site/pack/jetpack/opt/_/plugin/lightline.vim
064.629  000.617  000.617: sourcing /Users/ktrysmt/.local/share/nvim/site/pack/jetpack/opt/_/autoload/lsp/utils.vim
065.306  001.547  000.930: sourcing /Users/ktrysmt/.local/share/nvim/site/pack/jetpack/opt/_/plugin/lsp.vim
068.224  002.475  002.475: sourcing /Users/ktrysmt/.local/share/nvim/site/pack/jetpack/opt/_/autoload/lsp_settings.vim
068.845  000.175  000.175: sourcing /Users/ktrysmt/.local/share/nvim/site/pack/jetpack/opt/_/autoload/lsp_settings/utils.vim
072.305  000.100  000.100: sourcing /Users/ktrysmt/.local/share/nvim/site/pack/jetpack/opt/_/autoload/lsp_settings/profile.vim
073.521  008.034  005.283: sourcing /Users/ktrysmt/.local/share/nvim/site/pack/jetpack/opt/_/plugin/lsp_settings.vim
073.826  000.118  000.118: sourcing /Users/ktrysmt/.local/share/nvim/site/pack/jetpack/opt/_/plugin/operator/stay_cursor.vim
074.342  000.116  000.116: sourcing /Users/ktrysmt/.local/share/nvim/site/pack/jetpack/opt/_/autoload/operator/user.vim
074.548  000.545  000.429: sourcing /Users/ktrysmt/.local/share/nvim/site/pack/jetpack/opt/_/plugin/operator/surround.vim
074.783  000.058  000.058: sourcing /Users/ktrysmt/.local/share/nvim/site/pack/jetpack/opt/_/plugin/qfreplace.vim
075.241  000.053  000.053: sourcing /Users/ktrysmt/.local/share/nvim/site/pack/jetpack/opt/_/autoload/tcomment/deprecated.vim
077.621  002.682  002.629: sourcing /Users/ktrysmt/.local/share/nvim/site/pack/jetpack/opt/_/plugin/tcomment.vim
077.906  000.098  000.098: sourcing /Users/ktrysmt/.local/share/nvim/site/pack/jetpack/opt/_/plugin/tmuxcomplete.vim
078.656  000.295  000.295: sourcing /Users/ktrysmt/.local/share/nvim/site/pack/jetpack/opt/_/autoload/unite/custom.vim
078.745  000.660  000.364: sourcing /Users/ktrysmt/.local/share/nvim/site/pack/jetpack/opt/_/plugin/unite/bookmark.vim
079.024  000.099  000.099: sourcing /Users/ktrysmt/.local/share/nvim/site/pack/jetpack/opt/_/plugin/unite/buffer.vim
079.295  000.100  000.100: sourcing /Users/ktrysmt/.local/share/nvim/site/pack/jetpack/opt/_/plugin/unite/window.vim
079.606  000.142  000.142: sourcing /Users/ktrysmt/.local/share/nvim/site/pack/jetpack/opt/_/plugin/unite.vim
079.890  000.130  000.130: sourcing /Users/ktrysmt/.local/share/nvim/site/pack/jetpack/opt/_/plugin/vista.vim
080.422  000.376  000.376: sourcing /Users/ktrysmt/.local/share/nvim/site/pack/jetpack/opt/_/plugin/vsnip.vim
080.696  000.080  000.080: sourcing /Users/ktrysmt/.local/share/nvim/site/pack/jetpack/opt/_/plugin/vsnip_integ.vim
081.291  000.427  000.427: sourcing /Users/ktrysmt/.local/share/nvim/site/pack/jetpack/opt/_/plugin/yankround.vim
082.262  000.613  000.613: sourcing /Users/ktrysmt/.local/share/nvim/site/pack/jetpack/opt/fzf/plugin/fzf.vim
083.028  000.142  000.142: sourcing /Users/ktrysmt/.local/share/nvim/site/pack/jetpack/opt/vimagit/plugin/../common/magit_common.vim
083.665  001.081  000.939: sourcing /Users/ktrysmt/.local/share/nvim/site/pack/jetpack/opt/vimagit/plugin/magit.vim
088.910  004.937  004.937: sourcing /Users/ktrysmt/.local/share/nvim/site/pack/jetpack/opt/vim-easymotion/plugin/EasyMotion.vim
089.854  000.213  000.213: sourcing /usr/local/Cellar/neovim/0.6.1/share/nvim/runtime/plugin/gzip.vim
089.957  000.022  000.022: sourcing /usr/local/Cellar/neovim/0.6.1/share/nvim/runtime/plugin/health.vim
090.092  000.061  000.061: sourcing /usr/local/Cellar/neovim/0.6.1/share/nvim/runtime/plugin/man.vim
091.208  000.273  000.273: sourcing /usr/local/Cellar/neovim/0.6.1/share/nvim/runtime/pack/dist/opt/matchit/plugin/matchit.vim
091.403  001.236  000.963: sourcing /usr/local/Cellar/neovim/0.6.1/share/nvim/runtime/plugin/matchit.vim
091.638  000.155  000.155: sourcing /usr/local/Cellar/neovim/0.6.1/share/nvim/runtime/plugin/matchparen.vim
092.151  000.433  000.433: sourcing /usr/local/Cellar/neovim/0.6.1/share/nvim/runtime/plugin/netrwPlugin.vim
092.419  000.172  000.172: sourcing /usr/local/Cellar/neovim/0.6.1/share/nvim/runtime/plugin/rplugin.vim
092.604  000.094  000.094: sourcing /usr/local/Cellar/neovim/0.6.1/share/nvim/runtime/plugin/shada.vim
092.725  000.032  000.032: sourcing /usr/local/Cellar/neovim/0.6.1/share/nvim/runtime/plugin/spellfile.vim
092.954  000.137  000.137: sourcing /usr/local/Cellar/neovim/0.6.1/share/nvim/runtime/plugin/tarPlugin.vim
093.151  000.110  000.110: sourcing /usr/local/Cellar/neovim/0.6.1/share/nvim/runtime/plugin/tohtml.vim
093.265  000.030  000.030: sourcing /usr/local/Cellar/neovim/0.6.1/share/nvim/runtime/plugin/tutor.vim
093.521  000.173  000.173: sourcing /usr/local/Cellar/neovim/0.6.1/share/nvim/runtime/plugin/zipPlugin.vim
095.904  012.637: loading rtp plugins
096.076  000.172: loading packages
097.180  000.053  000.053: sourcing /Users/ktrysmt/.local/share/nvim/site/pack/jetpack/opt/_/autoload/vsnip_integ/integration.vim
097.485  000.079  000.079: sourcing /Users/ktrysmt/.local/share/nvim/site/pack/jetpack/opt/_/autoload/vsnip_integ/detection.vim
097.824  000.070  000.070: sourcing /Users/ktrysmt/.local/share/nvim/site/pack/jetpack/opt/_/autoload/vsnip_integ/integration/asyncomplete.vim
098.223  000.057  000.057: sourcing /Users/ktrysmt/.local/share/nvim/site/pack/jetpack/opt/_/autoload/vsnip_integ/integration/vimlsp.vim
098.485  001.605  001.346: sourcing /Users/ktrysmt/.local/share/nvim/site/pack/jetpack/opt/_/after/plugin/vsnip_integ.vim
098.716  000.043  000.043: sourcing /Users/ktrysmt/.local/share/nvim/site/pack/jetpack/opt/_/after/plugin/yankround.vim
098.879  001.156: loading after plugins
098.895  000.016: inits 3
101.136  002.241: reading ShaDa
101.300  000.164: opening buffers
101.644  000.104  000.104: sourcing /Users/ktrysmt/.local/share/nvim/site/pack/jetpack/opt/_/autoload/asyncomplete/utils/_on_change/textchangedp.vim
102.128  000.107  000.107: sourcing /Users/ktrysmt/.local/share/nvim/site/pack/jetpack/opt/_/autoload/asyncomplete/sources/tmuxcomplete.vim
102.478  000.151  000.151: sourcing /Users/ktrysmt/.local/share/nvim/site/pack/jetpack/opt/_/autoload/gitgutter.vim
103.549  000.476  000.476: sourcing /Users/ktrysmt/.local/share/nvim/site/pack/jetpack/opt/_/autoload/lightline.vim
104.179  000.080  000.080: sourcing /Users/ktrysmt/.local/share/nvim/site/pack/jetpack/opt/_/autoload/lightline/tab.vim
104.866  000.233  000.233: sourcing /Users/ktrysmt/.local/share/nvim/site/pack/jetpack/opt/_/autoload/lightline/colorscheme.vim
105.363  000.975  000.742: sourcing /Users/ktrysmt/.local/share/nvim/site/pack/jetpack/opt/_/autoload/lightline/colorscheme/wombat.vim
108.541  005.349: BufEnter autocommands
108.544  000.003: editing files in windows
